<?xml version="1.0" encoding="UTF-8"?>
<testng-results ignored="0" total="1" passed="1" failed="0" skipped="0">
  <reporter-output>
  </reporter-output>
  <suite started-at="2024-02-09T17:48:31 IST" name="suite1" finished-at="2024-02-09T17:48:31 IST" duration-ms="74">
    <groups>
    </groups>
    <test started-at="2024-02-09T17:48:31 IST" name="test1" finished-at="2024-02-09T17:48:31 IST" duration-ms="74">
      <class name="com.nit.Test1">
        <test-method signature="add()[pri:0, instance:com.nit.Test1@27ff5d15]" started-at="2024-02-09T17:48:31 IST" name="add" finished-at="2024-02-09T17:48:31 IST" duration-ms="12" status="PASS">
          <reporter-output>
          </reporter-output>
        </test-method> <!-- add -->
      </class> <!-- com.nit.Test1 -->
    </test> <!-- test1 -->
  </suite> <!-- suite1 -->
</testng-results>
