<?xml version="1.0" encoding="UTF-8"?>
<testng-results ignored="0" total="3" passed="3" failed="0" skipped="0">
  <reporter-output>
  </reporter-output>
  <suite started-at="2024-02-09T18:10:52 IST" name="suite1" finished-at="2024-02-09T18:10:52 IST" duration-ms="99">
    <groups>
    </groups>
    <test started-at="2024-02-09T18:10:52 IST" name="test1" finished-at="2024-02-09T18:10:52 IST" duration-ms="99">
      <class name="com.nit.Test1">
        <test-method signature="add()[pri:0, instance:com.nit.Test1@649bec2e]" started-at="2024-02-09T18:10:52 IST" name="add" finished-at="2024-02-09T18:10:52 IST" duration-ms="12" status="PASS">
          <reporter-output>
          </reporter-output>
        </test-method> <!-- add -->
      </class> <!-- com.nit.Test1 -->
      <class name="com.nit.Test2">
        <test-method signature="add()[pri:0, instance:com.nit.Test2@223aa2f7]" started-at="2024-02-09T18:10:52 IST" name="add" finished-at="2024-02-09T18:10:52 IST" duration-ms="7" status="PASS">
          <reporter-output>
          </reporter-output>
        </test-method> <!-- add -->
      </class> <!-- com.nit.Test2 -->
      <class name="com.nit.Test3">
        <test-method signature="add()[pri:0, instance:com.nit.Test3@6d3a388c]" started-at="2024-02-09T18:10:52 IST" name="add" finished-at="2024-02-09T18:10:52 IST" duration-ms="5" status="PASS">
          <reporter-output>
          </reporter-output>
        </test-method> <!-- add -->
      </class> <!-- com.nit.Test3 -->
    </test> <!-- test1 -->
  </suite> <!-- suite1 -->
</testng-results>
